2024-11-25 18:08:29.957542: I external/local_tsl/tsl/cuda/cudart_stub.cc:32] Could not find cuda drivers on your machine, GPU will not be used.
2024-11-25 18:08:29.964805: I external/local_tsl/tsl/cuda/cudart_stub.cc:32] Could not find cuda drivers on your machine, GPU will not be used.
2024-11-25 18:08:30.034533: I tensorflow/core/platform/cpu_feature_guard.cc:210] This TensorFlow binary is optimized to use available CPU instructions in performance-critical operations.
To enable the following instructions: AVX2 AVX512F FMA, in other operations, rebuild TensorFlow with the appropriate compiler flags.
2024-11-25 18:08:31.145391: W tensorflow/compiler/tf2tensorrt/utils/py_utils.cc:38] TF-TRT Warning: Could not find TensorRT
/usr/local/lib/python3.10/dist-packages/keras/src/layers/rnn/rnn.py:205: UserWarning: Do not pass an `input_shape`/`input_dim` argument to a layer. When using Sequential models, prefer using an `Input(shape)` object as the first layer in the model instead.
  super().__init__(**kwargs)
[1m1/1[0m [32mâ”â”â”â”â”â”â”â”â”â”â”â”â”â”â”â”â”â”â”â”[0m[37m[0m [1m0s[0m 199ms/step[1m1/1[0m [32mâ”â”â”â”â”â”â”â”â”â”â”â”â”â”â”â”â”â”â”â”[0m[37m[0m [1m0s[0m 199ms/step
[1m1/1[0m [32mâ”â”â”â”â”â”â”â”â”â”â”â”â”â”â”â”â”â”â”â”[0m[37m[0m [1m0s[0m 20ms/step[1m1/1[0m [32mâ”â”â”â”â”â”â”â”â”â”â”â”â”â”â”â”â”â”â”â”[0m[37m[0m [1m0s[0m 20ms/step
[1m1/1[0m [32mâ”â”â”â”â”â”â”â”â”â”â”â”â”â”â”â”â”â”â”â”[0m[37m[0m [1m0s[0m 18ms/step[1m1/1[0m [32mâ”â”â”â”â”â”â”â”â”â”â”â”â”â”â”â”â”â”â”â”[0m[37m[0m [1m0s[0m 18ms/step
[1m1/1[0m [32mâ”â”â”â”â”â”â”â”â”â”â”â”â”â”â”â”â”â”â”â”[0m[37m[0m [1m0s[0m 18ms/step[1m1/1[0m [32mâ”â”â”â”â”â”â”â”â”â”â”â”â”â”â”â”â”â”â”â”[0m[37m[0m [1m0s[0m 18ms/step
[1m1/1[0m [32mâ”â”â”â”â”â”â”â”â”â”â”â”â”â”â”â”â”â”â”â”[0m[37m[0m [1m0s[0m 18ms/step[1m1/1[0m [32mâ”â”â”â”â”â”â”â”â”â”â”â”â”â”â”â”â”â”â”â”[0m[37m[0m [1m0s[0m 18ms/step
[1m1/1[0m [32mâ”â”â”â”â”â”â”â”â”â”â”â”â”â”â”â”â”â”â”â”[0m[37m[0m [1m0s[0m 18ms/step[1m1/1[0m [32mâ”â”â”â”â”â”â”â”â”â”â”â”â”â”â”â”â”â”â”â”[0m[37m[0m [1m0s[0m 18ms/step
[1m1/1[0m [32mâ”â”â”â”â”â”â”â”â”â”â”â”â”â”â”â”â”â”â”â”[0m[37m[0m [1m0s[0m 20ms/step[1m1/1[0m [32mâ”â”â”â”â”â”â”â”â”â”â”â”â”â”â”â”â”â”â”â”[0m[37m[0m [1m0s[0m 20ms/step
[1m1/1[0m [32mâ”â”â”â”â”â”â”â”â”â”â”â”â”â”â”â”â”â”â”â”[0m[37m[0m [1m0s[0m 19ms/step[1m1/1[0m [32mâ”â”â”â”â”â”â”â”â”â”â”â”â”â”â”â”â”â”â”â”[0m[37m[0m [1m0s[0m 19ms/step
[1m1/1[0m [32mâ”â”â”â”â”â”â”â”â”â”â”â”â”â”â”â”â”â”â”â”[0m[37m[0m [1m0s[0m 18ms/step[1m1/1[0m [32mâ”â”â”â”â”â”â”â”â”â”â”â”â”â”â”â”â”â”â”â”[0m[37m[0m [1m0s[0m 18ms/step
[1m1/1[0m [32mâ”â”â”â”â”â”â”â”â”â”â”â”â”â”â”â”â”â”â”â”[0m[37m[0m [1m0s[0m 18ms/step[1m1/1[0m [32mâ”â”â”â”â”â”â”â”â”â”â”â”â”â”â”â”â”â”â”â”[0m[37m[0m [1m0s[0m 19ms/step
[1m1/1[0m [32mâ”â”â”â”â”â”â”â”â”â”â”â”â”â”â”â”â”â”â”â”[0m[37m[0m [1m0s[0m 21ms/step[1m1/1[0m [32mâ”â”â”â”â”â”â”â”â”â”â”â”â”â”â”â”â”â”â”â”[0m[37m[0m [1m0s[0m 22ms/step
[1m1/1[0m [32mâ”â”â”â”â”â”â”â”â”â”â”â”â”â”â”â”â”â”â”â”[0m[37m[0m [1m0s[0m 19ms/step[1m1/1[0m [32mâ”â”â”â”â”â”â”â”â”â”â”â”â”â”â”â”â”â”â”â”[0m[37m[0m [1m0s[0m 19ms/step
[1m1/1[0m [32mâ”â”â”â”â”â”â”â”â”â”â”â”â”â”â”â”â”â”â”â”[0m[37m[0m [1m0s[0m 24ms/step[1m1/1[0m [32mâ”â”â”â”â”â”â”â”â”â”â”â”â”â”â”â”â”â”â”â”[0m[37m[0m [1m0s[0m 24ms/step
[1m1/1[0m [32mâ”â”â”â”â”â”â”â”â”â”â”â”â”â”â”â”â”â”â”â”[0m[37m[0m [1m0s[0m 18ms/step[1m1/1[0m [32mâ”â”â”â”â”â”â”â”â”â”â”â”â”â”â”â”â”â”â”â”[0m[37m[0m [1m0s[0m 18ms/step
[1m1/1[0m [32mâ”â”â”â”â”â”â”â”â”â”â”â”â”â”â”â”â”â”â”â”[0m[37m[0m [1m0s[0m 20ms/step[1m1/1[0m [32mâ”â”â”â”â”â”â”â”â”â”â”â”â”â”â”â”â”â”â”â”[0m[37m[0m [1m0s[0m 20ms/step
[1m1/1[0m [32mâ”â”â”â”â”â”â”â”â”â”â”â”â”â”â”â”â”â”â”â”[0m[37m[0m [1m0s[0m 20ms/step[1m1/1[0m [32mâ”â”â”â”â”â”â”â”â”â”â”â”â”â”â”â”â”â”â”â”[0m[37m[0m [1m0s[0m 20ms/step
[1m1/1[0m [32mâ”â”â”â”â”â”â”â”â”â”â”â”â”â”â”â”â”â”â”â”[0m[37m[0m [1m0s[0m 19ms/step[1m1/1[0m [32mâ”â”â”â”â”â”â”â”â”â”â”â”â”â”â”â”â”â”â”â”[0m[37m[0m [1m0s[0m 19ms/step
[1m1/1[0m [32mâ”â”â”â”â”â”â”â”â”â”â”â”â”â”â”â”â”â”â”â”[0m[37m[0m [1m0s[0m 21ms/step[1m1/1[0m [32mâ”â”â”â”â”â”â”â”â”â”â”â”â”â”â”â”â”â”â”â”[0m[37m[0m [1m0s[0m 21ms/step
[1m1/1[0m [32mâ”â”â”â”â”â”â”â”â”â”â”â”â”â”â”â”â”â”â”â”[0m[37m[0m [1m0s[0m 19ms/step[1m1/1[0m [32mâ”â”â”â”â”â”â”â”â”â”â”â”â”â”â”â”â”â”â”â”[0m[37m[0m [1m0s[0m 19ms/step
[1m1/1[0m [32mâ”â”â”â”â”â”â”â”â”â”â”â”â”â”â”â”â”â”â”â”[0m[37m[0m [1m0s[0m 19ms/step[1m1/1[0m [32mâ”â”â”â”â”â”â”â”â”â”â”â”â”â”â”â”â”â”â”â”[0m[37m[0m [1m0s[0m 19ms/step
Median does not exceed threshold. No migration required.
2024-11-25 18:08:35.189263: I external/local_tsl/tsl/cuda/cudart_stub.cc:32] Could not find cuda drivers on your machine, GPU will not be used.
2024-11-25 18:08:35.194949: I external/local_tsl/tsl/cuda/cudart_stub.cc:32] Could not find cuda drivers on your machine, GPU will not be used.
2024-11-25 18:08:35.261768: I tensorflow/core/platform/cpu_feature_guard.cc:210] This TensorFlow binary is optimized to use available CPU instructions in performance-critical operations.
To enable the following instructions: AVX2 AVX512F FMA, in other operations, rebuild TensorFlow with the appropriate compiler flags.
2024-11-25 18:08:36.286674: W tensorflow/compiler/tf2tensorrt/utils/py_utils.cc:38] TF-TRT Warning: Could not find TensorRT
Traceback (most recent call last):
  File "/usr/local/lib/python3.10/dist-packages/pandas/core/indexes/base.py", line 3791, in get_loc
    return self._engine.get_loc(casted_key)
  File "index.pyx", line 152, in pandas._libs.index.IndexEngine.get_loc
  File "index.pyx", line 181, in pandas._libs.index.IndexEngine.get_loc
  File "pandas/_libs/hashtable_class_helper.pxi", line 7080, in pandas._libs.hashtable.PyObjectHashTable.get_item
  File "pandas/_libs/hashtable_class_helper.pxi", line 7088, in pandas._libs.hashtable.PyObjectHashTable.get_item
KeyError: 'cpu'

The above exception was the direct cause of the following exception:

Traceback (most recent call last):
  File "/home/ubuntu/ab_pred/cp2.py", line 15, in <module>
    avg_cpu = df['cpu'].mean()
  File "/usr/local/lib/python3.10/dist-packages/pandas/core/frame.py", line 3893, in __getitem__
    indexer = self.columns.get_loc(key)
  File "/usr/local/lib/python3.10/dist-packages/pandas/core/indexes/base.py", line 3798, in get_loc
    raise KeyError(key) from err
KeyError: 'cpu'
2024-11-25 18:08:38.805605: I external/local_tsl/tsl/cuda/cudart_stub.cc:32] Could not find cuda drivers on your machine, GPU will not be used.
2024-11-25 18:08:38.812197: I external/local_tsl/tsl/cuda/cudart_stub.cc:32] Could not find cuda drivers on your machine, GPU will not be used.
2024-11-25 18:08:38.877768: I tensorflow/core/platform/cpu_feature_guard.cc:210] This TensorFlow binary is optimized to use available CPU instructions in performance-critical operations.
To enable the following instructions: AVX2 AVX512F FMA, in other operations, rebuild TensorFlow with the appropriate compiler flags.
2024-11-25 18:08:39.909314: W tensorflow/compiler/tf2tensorrt/utils/py_utils.cc:38] TF-TRT Warning: Could not find TensorRT
Traceback (most recent call last):
  File "/usr/local/lib/python3.10/dist-packages/pandas/core/indexes/base.py", line 3791, in get_loc
    return self._engine.get_loc(casted_key)
  File "index.pyx", line 152, in pandas._libs.index.IndexEngine.get_loc
  File "index.pyx", line 181, in pandas._libs.index.IndexEngine.get_loc
  File "pandas/_libs/hashtable_class_helper.pxi", line 7080, in pandas._libs.hashtable.PyObjectHashTable.get_item
  File "pandas/_libs/hashtable_class_helper.pxi", line 7088, in pandas._libs.hashtable.PyObjectHashTable.get_item
KeyError: 'cpu'

The above exception was the direct cause of the following exception:

Traceback (most recent call last):
  File "/home/ubuntu/ab_pred/cp3.py", line 15, in <module>
    avg_cpu = df['cpu'].mean()
  File "/usr/local/lib/python3.10/dist-packages/pandas/core/frame.py", line 3893, in __getitem__
    indexer = self.columns.get_loc(key)
  File "/usr/local/lib/python3.10/dist-packages/pandas/core/indexes/base.py", line 3798, in get_loc
    raise KeyError(key) from err
KeyError: 'cpu'
2024-11-25 18:09:51.793272: I external/local_tsl/tsl/cuda/cudart_stub.cc:32] Could not find cuda drivers on your machine, GPU will not be used.
2024-11-25 18:09:51.799796: I external/local_tsl/tsl/cuda/cudart_stub.cc:32] Could not find cuda drivers on your machine, GPU will not be used.
2024-11-25 18:09:51.868487: I tensorflow/core/platform/cpu_feature_guard.cc:210] This TensorFlow binary is optimized to use available CPU instructions in performance-critical operations.
To enable the following instructions: AVX2 AVX512F FMA, in other operations, rebuild TensorFlow with the appropriate compiler flags.
Traceback (most recent call last):
  File "/home/ubuntu/ab_pred/cp1.py", line 5, in <module>
    from keras.models import Sequential
  File "/usr/local/lib/python3.10/dist-packages/keras/__init__.py", line 8, in <module>
    from keras import _tf_keras
  File "/usr/local/lib/python3.10/dist-packages/keras/_tf_keras/__init__.py", line 1, in <module>
    from keras._tf_keras import keras
  File "/usr/local/lib/python3.10/dist-packages/keras/_tf_keras/keras/__init__.py", line 8, in <module>
    from keras import activations
  File "/usr/local/lib/python3.10/dist-packages/keras/activations/__init__.py", line 8, in <module>
    from keras.src.activations import deserialize
  File "/usr/local/lib/python3.10/dist-packages/keras/src/__init__.py", line 1, in <module>
    from keras.src import activations
  File "/usr/local/lib/python3.10/dist-packages/keras/src/activations/__init__.py", line 3, in <module>
    from keras.src.activations.activations import elu
  File "/usr/local/lib/python3.10/dist-packages/keras/src/activations/activations.py", line 1, in <module>
    from keras.src import backend
  File "/usr/local/lib/python3.10/dist-packages/keras/src/backend/__init__.py", line 33, in <module>
    from keras.src.backend.tensorflow import *  # noqa: F403
  File "/usr/local/lib/python3.10/dist-packages/keras/src/backend/tensorflow/__init__.py", line 1, in <module>
    from keras.src.backend.tensorflow import core
  File "/usr/local/lib/python3.10/dist-packages/keras/src/backend/tensorflow/core.py", line 4, in <module>
    import tensorflow as tf
  File "/usr/local/lib/python3.10/dist-packages/tensorflow/__init__.py", line 45, in <module>
    from tensorflow._api.v2 import __internal__
  File "/usr/local/lib/python3.10/dist-packages/tensorflow/_api/v2/__internal__/__init__.py", line 11, in <module>
    from tensorflow._api.v2.__internal__ import distribute
  File "/usr/local/lib/python3.10/dist-packages/tensorflow/_api/v2/__internal__/distribute/__init__.py", line 8, in <module>
    from tensorflow._api.v2.__internal__.distribute import combinations
  File "/usr/local/lib/python3.10/dist-packages/tensorflow/_api/v2/__internal__/distribute/combinations/__init__.py", line 8, in <module>
    from tensorflow.python.distribute.combinations import env # line: 456
  File "/usr/local/lib/python3.10/dist-packages/tensorflow/python/distribute/combinations.py", line 35, in <module>
    from tensorflow.python.distribute import multi_process_runner
  File "/usr/local/lib/python3.10/dist-packages/tensorflow/python/distribute/multi_process_runner.py", line 35, in <module>
    from tensorflow.python.distribute import multi_process_lib
  File "/usr/local/lib/python3.10/dist-packages/tensorflow/python/distribute/multi_process_lib.py", line 25, in <module>
    from tensorflow.python.eager import test
  File "/usr/local/lib/python3.10/dist-packages/tensorflow/python/eager/test.py", line 18, in <module>
    from tensorflow.python.platform import test as _test
  File "/usr/local/lib/python3.10/dist-packages/tensorflow/python/platform/test.py", line 23, in <module>
    from tensorflow.python.framework import test_util as _test_util
  File "/usr/local/lib/python3.10/dist-packages/tensorflow/python/framework/test_util.py", line 36, in <module>
    from absl.testing import parameterized
  File "/usr/local/lib/python3.10/dist-packages/absl/testing/parameterized.py", line 222, in <module>
    from absl.testing import absltest
  File "/usr/local/lib/python3.10/dist-packages/absl/testing/absltest.py", line 36, in <module>
    import shlex
  File "<frozen importlib._bootstrap>", line 1027, in _find_and_load
  File "<frozen importlib._bootstrap>", line 1006, in _find_and_load_unlocked
  File "<frozen importlib._bootstrap>", line 688, in _load_unlocked
  File "<frozen importlib._bootstrap_external>", line 879, in exec_module
  File "<frozen importlib._bootstrap_external>", line 975, in get_code
  File "<frozen importlib._bootstrap_external>", line 1074, in get_data
KeyboardInterrupt
